0 info it worked if it ends with ok
1 verbose cli [ 'C:\\Program Files\\nodejs\\node.exe',
1 verbose cli   'C:\\Program Files\\nodejs\\node_modules\\npm\\bin\\npm-cli.js',
1 verbose cli   'run',
1 verbose cli   'dev' ]
2 info using npm@3.8.6
3 info using node@v5.12.0
4 verbose run-script [ 'predev', 'dev', 'postdev' ]
5 info lifecycle framework-federico-croce@1.0.0~predev: framework-federico-croce@1.0.0
6 silly lifecycle framework-federico-croce@1.0.0~predev: no script for predev, continuing
7 info lifecycle framework-federico-croce@1.0.0~dev: framework-federico-croce@1.0.0
8 verbose lifecycle framework-federico-croce@1.0.0~dev: unsafe-perm in lifecycle true
9 verbose lifecycle framework-federico-croce@1.0.0~dev: PATH: C:\Program Files\nodejs\node_modules\npm\bin\node-gyp-bin;C:\Framework Fede\node_modules\.bin;C:\Program Files\nodejs;C:\Users\A127271\AppData\Roaming\npm;P:\bin;C:\Program Files\Git\mingw64\bin;C:\Program Files\Git\usr\local\bin;C:\Program Files\Git\usr\bin;C:\Program Files\Git\usr\bin;C:\Program Files\Git\mingw64\bin;C:\Program Files\Git\usr\bin;P:\bin;C:\ProgramData\Oracle\Java\javapath;C:\Ruby23-x64\bin;C:\Program Files (x86)\Intel\iCLS Client;C:\Program Files\Intel\iCLS Client;C:\Windows\system32;C:\Windows;C:\Windows\System32\Wbem;C:\Windows\System32\WindowsPowerShell\v1.0;C:\Program Files\Intel\Intel(R) Management Engine Components\DAL;C:\Program Files\Intel\Intel(R) Management Engine Components\IPT;C:\Program Files (x86)\Intel\Intel(R) Management Engine Components\DAL;C:\Program Files (x86)\Intel\Intel(R) Management Engine Components\IPT;C:\Program Files\nodejs;C:\Program Files\Git\cmd;C:\Users\A127271\AppData\Roaming\npm;C:\Program Files\Perforce\DVCS;\\V15900033\NETLOGON;C:\cygwin\bin;C:\cygwin\bin;C:\cygwin\sbin;C:\cygwin\usr\sbin;C:\cygwin\usr\local\bin;C:\cygwin\usr\X11R6\bin;C:\cygwin\opt\cygwin-min;C:\WINDOWS;C:\WINDOWS\system32;C:\ProgramData\Oracle\Java\javapath;C:\Ruby23-x64\bin;C:\Program Files (x86)\Intel\iCLS Client;C:\Program Files\Intel\iCLS Client;C:\Windows\system32;C:\Windows;C:\Windows\System32\Wbem;C:\Windows\System32\WindowsPowerShell\v1.0;C:\Program Files\Intel\Intel(R) Management Engine Components\DAL;C:\Program Files\Intel\Intel(R) Management Engine Components\IPT;C:\Program Files (x86)\Intel\Intel(R) Management Engine Components\DAL;C:\Program Files (x86)\Intel\Intel(R) Management Engine Components\IPT;C:\Program Files\nodejs;C:\Program Files\Git\cmd;C:\Users\A127271\AppData\Roaming\npm;C:\Program Files\Perforce\DVCS;C:\cygwin\bin;C:\Program Files\Git\usr\bin\vendor_perl;C:\Program Files\Git\usr\bin\core_perl;C:\Ruby23-x64\bin\
10 verbose lifecycle framework-federico-croce@1.0.0~dev: CWD: C:\Framework Fede
11 silly lifecycle framework-federico-croce@1.0.0~dev: Args: [ '/d /s /c', 'npm run open && npm run server' ]
12 silly lifecycle framework-federico-croce@1.0.0~dev: Returned: code: 1  signal: null
13 info lifecycle framework-federico-croce@1.0.0~dev: Failed to exec dev script
14 verbose stack Error: framework-federico-croce@1.0.0 dev: `npm run open && npm run server`
14 verbose stack Exit status 1
14 verbose stack     at EventEmitter.<anonymous> (C:\Program Files\nodejs\node_modules\npm\lib\utils\lifecycle.js:239:16)
14 verbose stack     at emitTwo (events.js:100:13)
14 verbose stack     at EventEmitter.emit (events.js:185:7)
14 verbose stack     at ChildProcess.<anonymous> (C:\Program Files\nodejs\node_modules\npm\lib\utils\spawn.js:24:14)
14 verbose stack     at emitTwo (events.js:100:13)
14 verbose stack     at ChildProcess.emit (events.js:185:7)
14 verbose stack     at maybeClose (internal/child_process.js:850:16)
14 verbose stack     at Process.ChildProcess._handle.onexit (internal/child_process.js:215:5)
15 verbose pkgid framework-federico-croce@1.0.0
16 verbose cwd C:\Framework Fede
17 error Windows_NT 6.1.7601
18 error argv "C:\\Program Files\\nodejs\\node.exe" "C:\\Program Files\\nodejs\\node_modules\\npm\\bin\\npm-cli.js" "run" "dev"
19 error node v5.12.0
20 error npm  v3.8.6
21 error code ELIFECYCLE
22 error framework-federico-croce@1.0.0 dev: `npm run open && npm run server`
22 error Exit status 1
23 error Failed at the framework-federico-croce@1.0.0 dev script 'npm run open && npm run server'.
23 error Make sure you have the latest version of node.js and npm installed.
23 error If you do, this is most likely a problem with the framework-federico-croce package,
23 error not with npm itself.
23 error Tell the author that this fails on your system:
23 error     npm run open && npm run server
23 error You can get information on how to open an issue for this project with:
23 error     npm bugs framework-federico-croce
23 error Or if that isn't available, you can get their info via:
23 error     npm owner ls framework-federico-croce
23 error There is likely additional logging output above.
24 verbose exit [ 1, true ]
